<?xml version="1.0" encoding="UTF-8"?>
<!-- Generated by org.testng.reporters.JUnitReportReporter -->
<testsuite hostname="DESKTOP-CUL8PQA" failures="0" tests="1" name="bookStoreApplictionAPI.APITC1_addBook" time="11.161" errors="0" timestamp="2022-08-22T19:36:39 IST" skipped="0">
  <testcase classname="bookStoreApplictionAPI.APITC1_addBook" name="addBookTest" time="11.161"/>
  <system-out/>
</testsuite> <!-- bookStoreApplictionAPI.APITC1_addBook -->
